<?xml version="1.0" encoding="UTF-8"?>
<!-- Generated by org.testng.reporters.JUnitReportReporter -->
<testsuite hostname="LAPTOP-09CRPUU1" failures="0" tests="1" name="com.redbus.redBusSmokeTestAutomation" time="20.758" errors="0" timestamp="2025-07-31T12:17:14 IST" skipped="0">
  <testcase classname="com.redbus.redBusSmokeTestAutomation" name="redBusSmokeTest" time="20.758"/>
</testsuite> <!-- com.redbus.redBusSmokeTestAutomation -->
